<?xml version="1.0" encoding="UTF-8"?>
<testng-results skipped="0" failed="0" ignored="0" total="1" passed="1">
  <reporter-output>
  </reporter-output>
  <suite name="Suite" duration-ms="14405" started-at="2021-06-08T13:34:35 IST" finished-at="2021-06-08T13:34:50 IST">
    <groups>
    </groups>
    <test name="Test" duration-ms="14405" started-at="2021-06-08T13:34:35 IST" finished-at="2021-06-08T13:34:50 IST">
      <class name="com.sapient.pom.tests.Test_LoginPage">
        <test-method status="PASS" signature="startUp()[pri:0, instance:com.sapient.pom.tests.Test_LoginPage@52525845]" name="startUp" is-config="true" duration-ms="7307" started-at="2021-06-08T13:34:28 IST" finished-at="2021-06-08T13:34:35 IST">
          <reporter-output>
          </reporter-output>
        </test-method> <!-- startUp -->
        <test-method status="PASS" signature="testLoginPage()[pri:0, instance:com.sapient.pom.tests.Test_LoginPage@52525845]" name="testLoginPage" duration-ms="14375" started-at="2021-06-08T13:34:35 IST" finished-at="2021-06-08T13:34:50 IST">
          <reporter-output>
          </reporter-output>
        </test-method> <!-- testLoginPage -->
        <test-method status="PASS" signature="cleanUp()[pri:0, instance:com.sapient.pom.tests.Test_LoginPage@52525845]" name="cleanUp" is-config="true" duration-ms="167" started-at="2021-06-08T13:34:50 IST" finished-at="2021-06-08T13:34:50 IST">
          <reporter-output>
          </reporter-output>
        </test-method> <!-- cleanUp -->
      </class> <!-- com.sapient.pom.tests.Test_LoginPage -->
    </test> <!-- Test -->
  </suite> <!-- Suite -->
</testng-results>
